#
# There is insufficient memory for the Java Runtime Environment to continue.
# Native memory allocation (mmap) failed to map 264241152 bytes for G1 virtual space
# Possible reasons:
#   The system is out of physical RAM or swap space
#   The process is running with CompressedOops enabled, and the Java Heap may be blocking the growth of the native heap
# Possible solutions:
#   Reduce memory load on the system
#   Increase physical memory or swap space
#   Check if swap backing store is full
#   Decrease Java heap size (-Xmx/-Xms)
#   Decrease number of Java threads
#   Decrease Java thread stack sizes (-Xss)
#   Set larger code cache with -XX:ReservedCodeCacheSize=
#   JVM is running with Zero Based Compressed Oops mode in which the Java heap is
#     placed in the first 32GB address space. The Java Heap base address is the
#     maximum limit for the native heap growth. Please use -XX:HeapBaseMinAddress
#     to set the Java Heap base and to place the Java Heap above 32GB virtual address.
# This output file may be truncated or incomplete.
#
#  Out of Memory Error (./open/src/hotspot/os/windows/os_windows.cpp:3321), pid=8460, tid=13144
#
# JRE version:  (15.0.2+7) (build )
# Java VM: OpenJDK 64-Bit Server VM (15.0.2+7-27, mixed mode, sharing, tiered, compressed oops, g1 gc, windows-amd64)
# No core dump will be written. Minidumps are not enabled by default on client versions of Windows
#

---------------  S U M M A R Y ------------

Command Line: -ea -Dfile.encoding=Cp1252 -XX:+ShowCodeDetailsInExceptionMessages org.testng.remote.RemoteTestNG -serport 54015 -protocol json -d C:\Users\LENOVO\git\TATA_Studi\test-output C:\Users\LENOVO\git\TATA_Studi\testng_Phase2.xml

Host: Intel(R) Core(TM) i3-8130U CPU @ 2.20GHz, 4 cores, 15G,  Windows 10 , 64 bit Build 19041 (10.0.19041.1023)
Time: Mon Aug  9 14:24:34 2021 India Standard Time elapsed time: 0.022187 seconds (0d 0h 0m 0s)

---------------  T H R E A D  ---------------

Current thread (0x0000020dcc7dd8d0):  JavaThread "Unknown thread" [_thread_in_vm, id=13144, stack(0x000000c679c00000,0x000000c679d00000)]

Stack: [0x000000c679c00000,0x000000c679d00000]
Native frames: (J=compiled Java code, j=interpreted, Vv=VM code, C=native code)
V  [jvm.dll+0x62ae9a]
V  [jvm.dll+0x7817a9]
V  [jvm.dll+0x782f03]
V  [jvm.dll+0x783563]
V  [jvm.dll+0x216325]
V  [jvm.dll+0x6281d9]
V  [jvm.dll+0x61cf55]
V  [jvm.dll+0x2cffdd]
V  [jvm.dll+0x2cfe42]
V  [jvm.dll+0x2d5e1c]
V  [jvm.dll+0x32590a]
V  [jvm.dll+0x324fd4]
V  [jvm.dll+0x2a6f5a]
V  [jvm.dll+0x2a80f8]
V  [jvm.dll+0x75e241]
V  [jvm.dll+0x3341c4]
V  [jvm.dll+0x73e926]
V  [jvm.dll+0x3b7557]
V  [jvm.dll+0x3b8fe1]
C  [jli.dll+0x52fb]
C  [ucrtbase.dll+0x21bb2]
C  [KERNEL32.DLL+0x17034]
C  [ntdll.dll+0x52651]


---------------  P R O C E S S  ---------------

Threads class SMR info:
_java_thread_list=0x00007ff97c044ff0, length=0, elements={
}

Java Threads: ( => current thread )

Other Threads:
  0x0000020dcc82c620 GCTaskThread "GC Thread#0" [stack: 0x000000c679d00000,0x000000c679e00000] [id=8832]
  0x0000020dcc83e290 ConcurrentGCThread "G1 Main Marker" [stack: 0x000000c679e00000,0x000000c679f00000] [id=9680]
  0x0000020dcc83fe90 ConcurrentGCThread "G1 Conc#0" [stack: 0x000000c679f00000,0x000000c67a000000] [id=12276]

[error occurred during error reporting (printing all threads), id 0xc0000005, EXCEPTION_ACCESS_VIOLATION (0xc0000005) at pc=0x00007ff97b837e27]

VM state: not at safepoint (not fully initialized)

VM Mutex/Monitor currently owned by a thread:  ([mutex/lock_event])
[0x0000020dcc7d9400] Heap_lock - owner thread: 0x0000020dcc7dd8d0

Heap address: 0x0000000705e00000, size: 4002 MB, Compressed Oops mode: Zero based, Oop shift amount: 3
CDS archive(s) mapped at: [0x0000000000000000-0x0000000000000000-0x0000000000000000), size 0, SharedBaseAddress: 0x0000000800000000, ArchiveRelocationMode: 0.
Narrow klass base: 0x0000000000000000, Narrow klass shift: 0, Narrow klass range: 0x0

Heap:
 garbage-first heap   total 258048K, used 0K [0x0000000705e00000, 0x0000000800000000)
  region size 2048K, 0 young (0K), 0 survivors (0K)
 Metaspace       used 0K, capacity 0K, committed 0K, reserved 0K
  class space    used 0K, capacity 0K, committed 0K, reserved 0K

Heap Regions: E=young(eden), S=young(survivor), O=old, HS=humongous(starts), HC=humongous(continues), CS=collection set, F=free, OA=open archive, CA=closed archive, TAMS=top-at-mark-start (previous, next)

Card table byte_map: [0x0000020ddf9c0000,0x0000020de01a0000] _byte_map_base: 0x0000020ddc191000

Marking Bits (Prev, Next): (CMBitMap*) 0x0000020dcc82ce90, (CMBitMap*) 0x0000020dcc82ced0
 Prev Bits: [0x0000020de0980000, 0x0000020de4808000)
 Next Bits: [0x0000020de4810000, 0x0000020de8698000)

GC Heap History (0 events):
No events

Deoptimization events (0 events):
No events

Classes unloaded (0 events):
No events

Classes redefined (0 events):
No events

Internal exceptions (0 events):
No events

Events (1 events):
Event: 0.014 Loaded shared library C:\Users\LENOVO\.p2\pool\plugins\org.eclipse.justj.openjdk.hotspot.jre.full.win32.x86_64_15.0.2.v20210201-0955\jre\bin\java.dll


Dynamic libraries:
0x00007ff7fa1f0000 - 0x00007ff7fa1fd000 	C:\Users\LENOVO\.p2\pool\plugins\org.eclipse.justj.openjdk.hotspot.jre.full.win32.x86_64_15.0.2.v20210201-0955\jre\bin\javaw.exe
0x00007ff9ba0b0000 - 0x00007ff9ba2a5000 	C:\Windows\SYSTEM32\ntdll.dll
0x00007ff9b9420000 - 0x00007ff9b94dd000 	C:\Windows\System32\KERNEL32.DLL
0x00007ff9b7880000 - 0x00007ff9b7b49000 	C:\Windows\System32\KERNELBASE.dll
0x00007ff9b7e60000 - 0x00007ff9b7f60000 	C:\Windows\System32\ucrtbase.dll
0x00007ff9a8690000 - 0x00007ff9a86a8000 	C:\Users\LENOVO\.p2\pool\plugins\org.eclipse.justj.openjdk.hotspot.jre.full.win32.x86_64_15.0.2.v20210201-0955\jre\bin\jli.dll
0x00007ff9b9590000 - 0x00007ff9b9730000 	C:\Windows\System32\USER32.dll
0x00007ff9b7de0000 - 0x00007ff9b7e02000 	C:\Windows\System32\win32u.dll
0x00007ff9b9990000 - 0x00007ff9b99ba000 	C:\Windows\System32\GDI32.dll
0x00007ff9b7f60000 - 0x00007ff9b806b000 	C:\Windows\System32\gdi32full.dll
0x00007ff9b7b80000 - 0x00007ff9b7c1d000 	C:\Windows\System32\msvcp_win.dll
0x00007ff994770000 - 0x00007ff994789000 	C:\Users\LENOVO\.p2\pool\plugins\org.eclipse.justj.openjdk.hotspot.jre.full.win32.x86_64_15.0.2.v20210201-0955\jre\bin\VCRUNTIME140.dll
0x00007ff9a3f90000 - 0x00007ff9a422a000 	C:\Windows\WinSxS\amd64_microsoft.windows.common-controls_6595b64144ccf1df_6.0.19041.1110_none_60b5254171f9507e\COMCTL32.dll
0x00007ff9b9790000 - 0x00007ff9b982e000 	C:\Windows\System32\msvcrt.dll
0x00007ff9b8280000 - 0x00007ff9b82b0000 	C:\Windows\System32\IMM32.DLL
0x00007ff9a3530000 - 0x00007ff9a353c000 	C:\Users\LENOVO\.p2\pool\plugins\org.eclipse.justj.openjdk.hotspot.jre.full.win32.x86_64_15.0.2.v20210201-0955\jre\bin\vcruntime140_1.dll
0x00007ff97ce80000 - 0x00007ff97cf11000 	C:\Users\LENOVO\.p2\pool\plugins\org.eclipse.justj.openjdk.hotspot.jre.full.win32.x86_64_15.0.2.v20210201-0955\jre\bin\msvcp140.dll
0x00007ff97b580000 - 0x00007ff97c0de000 	C:\Users\LENOVO\.p2\pool\plugins\org.eclipse.justj.openjdk.hotspot.jre.full.win32.x86_64_15.0.2.v20210201-0955\jre\bin\server\jvm.dll
0x00007ff9b81d0000 - 0x00007ff9b827c000 	C:\Windows\System32\ADVAPI32.dll
0x00007ff9b9830000 - 0x00007ff9b98cb000 	C:\Windows\System32\sechost.dll
0x00007ff9b99d0000 - 0x00007ff9b9afa000 	C:\Windows\System32\RPCRT4.dll
0x00007ff9b99c0000 - 0x00007ff9b99c8000 	C:\Windows\System32\PSAPI.DLL
0x00007ff9a5510000 - 0x00007ff9a5519000 	C:\Windows\SYSTEM32\WSOCK32.dll
0x00007ff9b9200000 - 0x00007ff9b926b000 	C:\Windows\System32\WS2_32.dll
0x00007ff9979c0000 - 0x00007ff9979e7000 	C:\Windows\SYSTEM32\WINMM.dll
0x00007ff9aedb0000 - 0x00007ff9aedba000 	C:\Windows\SYSTEM32\VERSION.dll
0x00007ff9b60b0000 - 0x00007ff9b60c2000 	C:\Windows\SYSTEM32\kernel.appcore.dll
0x00007ff9a3160000 - 0x00007ff9a316a000 	C:\Users\LENOVO\.p2\pool\plugins\org.eclipse.justj.openjdk.hotspot.jre.full.win32.x86_64_15.0.2.v20210201-0955\jre\bin\jimage.dll
0x00007ff99d410000 - 0x00007ff99d5f4000 	C:\Windows\SYSTEM32\DBGHELP.DLL
0x00007ff99d3e0000 - 0x00007ff99d40c000 	C:\Windows\SYSTEM32\dbgcore.DLL
0x00007ff9b77f0000 - 0x00007ff9b7873000 	C:\Windows\System32\bcryptPrimitives.dll
0x00007ff991910000 - 0x00007ff991935000 	C:\Users\LENOVO\.p2\pool\plugins\org.eclipse.justj.openjdk.hotspot.jre.full.win32.x86_64_15.0.2.v20210201-0955\jre\bin\java.dll

dbghelp: loaded successfully - version: 4.0.5 - missing functions: none
symbol engine: initialized successfully - sym options: 0x614 - pdb path: .;C:\Users\LENOVO\.p2\pool\plugins\org.eclipse.justj.openjdk.hotspot.jre.full.win32.x86_64_15.0.2.v20210201-0955\jre\bin;C:\Windows\SYSTEM32;C:\Windows\WinSxS\amd64_microsoft.windows.common-controls_6595b64144ccf1df_6.0.19041.1110_none_60b5254171f9507e;C:\Users\LENOVO\.p2\pool\plugins\org.eclipse.justj.openjdk.hotspot.jre.full.win32.x86_64_15.0.2.v20210201-0955\jre\bin\server

VM Arguments:
jvm_args: -ea -Dfile.encoding=Cp1252 -XX:+ShowCodeDetailsInExceptionMessages 
java_command: org.testng.remote.RemoteTestNG -serport 54015 -protocol json -d C:\Users\LENOVO\git\TATA_Studi\test-output C:\Users\LENOVO\git\TATA_Studi\testng_Phase2.xml
java_class_path (initial): C:\Users\LENOVO\eclipse\java-2020-12\eclipse\configuration\org.eclipse.osgi\443\0\.cp\lib\testng-remote.jar;C:\Users\LENOVO\git\TATA_Studi\target\test-classes;C:\Users\LENOVO\git\TATA_Studi\target\classes;C:\Users\LENOVO\.m2\repository\net\sourceforge\jexcelapi\jxl\2.6.12\jxl-2.6.12.jar;C:\Users\LENOVO\.m2\repository\log4j\log4j\1.2.14\log4j-1.2.14.jar;C:\Users\LENOVO\.m2\repository\org\apache\velocity\velocity\1.7\velocity-1.7.jar;C:\Users\LENOVO\.m2\repository\commons-collections\commons-collections\3.2.1\commons-collections-3.2.1.jar;C:\Users\LENOVO\.m2\repository\commons-lang\commons-lang\2.4\commons-lang-2.4.jar;C:\Users\LENOVO\.m2\repository\org\apache\velocity\velocity-tools\2.0\velocity-tools-2.0.jar;C:\Users\LENOVO\.m2\repository\commons-beanutils\commons-beanutils\1.7.0\commons-beanutils-1.7.0.jar;C:\Users\LENOVO\.m2\repository\commons-digester\commons-digester\1.8\commons-digester-1.8.jar;C:\Users\LENOVO\.m2\repository\commons-chain\commons-chain\1.1\commons-chain-1.1.jar;C:\Users\LENOVO\.m2\repository\commons-logging\commons-logging\1.1\commons-logging-1.1.jar;C:\Users\LENOVO\.m2\repository\javax\servlet\servlet-api\2.3\servlet-api-2.3.jar;C:\Users\LENOVO\.m2\repository\commons-validator\commons-validator\1.3.1\commons-validator-1.3.1.jar;C:\Users\LENOVO\.m2\repository\dom4j\dom4j\1.1\dom4j-1.1.jar;C:\Users\LENOVO\.m2\repository\oro\oro\2.0.8\oro-2.0.8.jar;C:\Users\LENOVO\.m2\repository\sslext\sslext\1.2-0\sslext-1.2-0.jar;C:\Users\LENOVO\.m2\repository\org\apache\struts\struts-core\1.3.8\struts-core-1.3.8.jar;C:\Users\LENOVO\.m2\repository\antlr\antlr\2.7.2\antlr-2.7.2.jar;C:\Users\LENOVO\.m2\repository\org\apache\struts\struts-taglib\1.3.8\struts-taglib-1.3.8.jar;C:\Users\LENOVO\.m2\repository\org\apache\struts\struts-tiles\1.3.8\struts-tiles-1.3.8.jar;C:\Users\LENOVO\.m2\repository\junit\junit\3.8.1\junit-3.8.1.jar;C:\Users\LENOVO\.m2\repository\io\github\bonigarcia\webdrivermanager\3.7.1\webdrivermanager-3.7.1.jar;C:\User
Launcher Type: SUN_STANDARD

[Global flags]
     intx CICompilerCount                          = 3                                         {product} {ergonomic}
     uint ConcGCThreads                            = 1                                         {product} {ergonomic}
     uint G1ConcRefinementThreads                  = 4                                         {product} {ergonomic}
   size_t G1HeapRegionSize                         = 2097152                                   {product} {ergonomic}
    uintx GCDrainStackTargetSize                   = 64                                        {product} {ergonomic}
   size_t InitialHeapSize                          = 264241152                                 {product} {ergonomic}
   size_t MarkStackSize                            = 4194304                                   {product} {ergonomic}
   size_t MaxHeapSize                              = 4196401152                                {product} {ergonomic}
   size_t MinHeapDeltaBytes                        = 2097152                                   {product} {ergonomic}
   size_t MinHeapSize                              = 8388608                                   {product} {ergonomic}
    uintx NonNMethodCodeHeapSize                   = 5832780                                {pd product} {ergonomic}
    uintx NonProfiledCodeHeapSize                  = 122912730                              {pd product} {ergonomic}
    uintx ProfiledCodeHeapSize                     = 122912730                              {pd product} {ergonomic}
    uintx ReservedCodeCacheSize                    = 251658240                              {pd product} {ergonomic}
     bool SegmentedCodeCache                       = true                                      {product} {ergonomic}
     bool ShowCodeDetailsInExceptionMessages       = true                                   {manageable} {command line}
   size_t SoftMaxHeapSize                          = 4196401152                             {manageable} {ergonomic}
     bool UseCompressedClassPointers               = true                                 {lp64_product} {ergonomic}
     bool UseCompressedOops                        = true                                 {lp64_product} {ergonomic}
     bool UseG1GC                                  = true                                      {product} {ergonomic}
     bool UseLargePagesIndividualAllocation        = false                                  {pd product} {ergonomic}

Logging:
Log output configuration:
 #0: stdout all=warning uptime,level,tags
 #1: stderr all=off uptime,level,tags

Environment Variables:
JAVA_HOME=C:\Program Files\Java\jdk1.8.0_281
CLASSPATH=C:\Program Files\Java\jdk1.8.0_281\lib
PATH=C:/Users/LENOVO/.p2/pool/plugins/org.eclipse.justj.openjdk.hotspot.jre.full.win32.x86_64_15.0.2.v20210201-0955/jre/bin/server;C:/Users/LENOVO/.p2/pool/plugins/org.eclipse.justj.openjdk.hotspot.jre.full.win32.x86_64_15.0.2.v20210201-0955/jre/bin;C:\Program Files (x86)\Common Files\Oracle\Java\javapath;C:\Windows\system32;C:\Windows;C:\Windows\System32\Wbem;C:\Windows\System32\WindowsPowerShell\v1.0\;C:\Windows\System32\OpenSSH\;C:\Users\LENOVO\AppData\Local\Android\Sdk\platform-tools;C:\Users\LENOVO\AppData\Local\Android\Sdk\tools;C:\Users\LENOVO\AppData\Local\Android\Sdk\build-tools;C:\Program Files\Git\cmd;C:\Program Files\Java\jdk1.8.0_281\bin;C:\Windows\System32;
USERNAME=LENOVO
OS=Windows_NT
PROCESSOR_IDENTIFIER=Intel64 Family 6 Model 142 Stepping 10, GenuineIntel



---------------  S Y S T E M  ---------------

OS:
 Windows 10 , 64 bit Build 19041 (10.0.19041.1023)
OS uptime: 2 days 0:44 hours

CPU: total 4 (initial active 4) (2 cores per cpu, 2 threads per core) family 6 model 142 stepping 10 microcode 0xe0, cmov, cx8, fxsr, mmx, sse, sse2, sse3, ssse3, sse4.1, sse4.2, popcnt, vzeroupper, avx, avx2, aes, clmul, erms, 3dnowpref, lzcnt, ht, tsc, tscinvbit, bmi1, bmi2, adx, fma, clflush, clflushopt

Memory: 4k page, system-wide physical 16006M (3804M free)
TotalPageFile size 46461M (AvailPageFile size 43M)
current process WorkingSet (physical memory assigned to process): 10M, peak: 10M
current process commit charge ("private bytes"): 51M, peak: 303M

vm_info: OpenJDK 64-Bit Server VM (15.0.2+7-27) for windows-amd64 JRE (15.0.2+7-27), built on Dec  7 2020 20:02:38 by "mach5one" with unknown MS VC++:1925

END.
